Build started 9/14/2016 1:52:21 AM.
     1>Project "C:\Users\Doug\Documents\Visual Studio 2013\Projects\SFML-Game-Engine-CPP\GameEngineC++\GameEngineC++.vcxproj" on node 2 (Build target(s)).
     1>ClCompile:
         C:\Program Files (x86)\Microsoft Visual Studio 12.0\VC\bin\CL.exe /c /I"C:\Users\Doug\Documents\Visual Studio 2013\Projects\SFML-Game-Engine-CPP\GameEngineC++\\SFML\include" /ZI /nologo /W3 /WX- /sdl /Od /Oy- /D _USING_V110_SDK71_ /D _MBCS /Gm /EHsc /RTC1 /MDd /GS /fp:precise /Zc:wchar_t /Zc:forScope /Fo"Debug\\" /Fd"Debug\vc120.pdb" /Gd /TP /analyze- /errorReport:prompt window.cpp
         window.cpp
     1>c:\users\doug\documents\visual studio 2013\projects\sfml-game-engine-cpp\gameenginec++\window.cpp(1615): warning C4244: '=' : conversion from 'int' to 'float', possible loss of data
     1>c:\users\doug\documents\visual studio 2013\projects\sfml-game-engine-cpp\gameenginec++\window.cpp(1664): warning C4244: '=' : conversion from 'int' to 'float', possible loss of data
     1>c:\users\doug\documents\visual studio 2013\projects\sfml-game-engine-cpp\gameenginec++\window.cpp(2878): warning C4244: '=' : conversion from 'int' to 'float', possible loss of data
     1>c:\users\doug\documents\visual studio 2013\projects\sfml-game-engine-cpp\gameenginec++\window.cpp(2881): warning C4244: '=' : conversion from 'int' to 'float', possible loss of data
     1>c:\users\doug\documents\visual studio 2013\projects\sfml-game-engine-cpp\gameenginec++\window.cpp(2887): warning C4244: '=' : conversion from 'int' to 'float', possible loss of data
     1>c:\users\doug\documents\visual studio 2013\projects\sfml-game-engine-cpp\gameenginec++\window.cpp(2891): warning C4244: '=' : conversion from 'int' to 'float', possible loss of data
     1>c:\users\doug\documents\visual studio 2013\projects\sfml-game-engine-cpp\gameenginec++\window.cpp(2894): warning C4244: '=' : conversion from 'int' to 'float', possible loss of data
     1>c:\users\doug\documents\visual studio 2013\projects\sfml-game-engine-cpp\gameenginec++\window.cpp(2900): warning C4244: '=' : conversion from 'int' to 'float', possible loss of data
     1>c:\users\doug\documents\visual studio 2013\projects\sfml-game-engine-cpp\gameenginec++\window.cpp(2912): warning C4244: '=' : conversion from 'int' to 'float', possible loss of data
     1>c:\users\doug\documents\visual studio 2013\projects\sfml-game-engine-cpp\gameenginec++\window.cpp(2915): warning C4244: '=' : conversion from 'int' to 'float', possible loss of data
     1>c:\users\doug\documents\visual studio 2013\projects\sfml-game-engine-cpp\gameenginec++\window.cpp(2921): warning C4244: '=' : conversion from 'int' to 'float', possible loss of data
     1>c:\users\doug\documents\visual studio 2013\projects\sfml-game-engine-cpp\gameenginec++\window.cpp(2933): warning C4244: '=' : conversion from 'int' to 'float', possible loss of data
     1>c:\users\doug\documents\visual studio 2013\projects\sfml-game-engine-cpp\gameenginec++\window.cpp(2936): warning C4244: '=' : conversion from 'int' to 'float', possible loss of data
     1>c:\users\doug\documents\visual studio 2013\projects\sfml-game-engine-cpp\gameenginec++\window.cpp(2942): warning C4244: '=' : conversion from 'int' to 'float', possible loss of data
       Link:
         C:\Program Files (x86)\Microsoft Visual Studio 12.0\VC\bin\link.exe /ERRORREPORT:PROMPT /OUT:"C:\Users\Doug\Documents\Visual Studio 2013\Projects\SFML-Game-Engine-CPP\Debug\GameEngineC++.exe" /INCREMENTAL /NOLOGO /LIBPATH:"C:\Users\Doug\Documents\Visual Studio 2013\Projects\SFML-Game-Engine-CPP\GameEngineC++\\SFML\lib" "sfml-graphics-d.lib" "sfml-window-d.lib" "sfml-system-d.lib" "sfml-audio-d.lib" "sfml-network-d.lib" kernel32.lib user32.lib gdi32.lib winspool.lib comdlg32.lib advapi32.lib shell32.lib ole32.lib oleaut32.lib uuid.lib odbc32.lib odbccp32.lib /MANIFEST /MANIFESTUAC:"level='asInvoker' uiAccess='false'" /manifest:embed /DEBUG /PDB:"C:\Users\Doug\Documents\Visual Studio 2013\Projects\SFML-Game-Engine-CPP\Debug\GameEngineC++.pdb" /SUBSYSTEM:CONSOLE,"5.01" /TLBID:1 /DYNAMICBASE /NXCOMPAT /IMPLIB:"C:\Users\Doug\Documents\Visual Studio 2013\Projects\SFML-Game-Engine-CPP\Debug\GameEngineC++.lib" /MACHINE:X86 Debug\animation.obj
         Debug\assetloader.obj
         Debug\audio.obj
         Debug\convert.obj
         Debug\gametimer.obj
         Debug\loadini.obj
         Debug\network.obj
         Debug\ramdom.obj
         Debug\textedit.obj
         Debug\ticker.obj
         Debug\window.obj
         Debug\main.obj
         Debug\quad.obj
         GameEngineC++.vcxproj -> C:\Users\Doug\Documents\Visual Studio 2013\Projects\SFML-Game-Engine-CPP\Debug\GameEngineC++.exe
     1>Done Building Project "C:\Users\Doug\Documents\Visual Studio 2013\Projects\SFML-Game-Engine-CPP\GameEngineC++\GameEngineC++.vcxproj" (Build target(s)).

Build succeeded.

Time Elapsed 00:00:01.21
