Build started 9/14/2016 1:47:58 AM.
     1>Project "C:\Users\Doug\Documents\Visual Studio 2013\Projects\SFML-Game-Engine-CPP\GameEngineC++\GameEngineC++.vcxproj" on node 2 (Build target(s)).
     1>ClCompile:
         C:\Program Files (x86)\Microsoft Visual Studio 12.0\VC\bin\CL.exe /c /I"C:\Users\Doug\Documents\Visual Studio 2013\Projects\SFML-Game-Engine-CPP\GameEngineC++\\SFML\include" /Zi /nologo /W3 /WX- /sdl /O2 /Oi /Oy- /GL /D _USING_V110_SDK71_ /D _MBCS /Gm- /EHsc /MD /GS /Gy /fp:precise /Zc:wchar_t /Zc:forScope /Fo"Release\\" /Fd"Release\vc120.pdb" /Gd /TP /analyze- /errorReport:prompt main.cpp
         main.cpp
       Link:
         C:\Program Files (x86)\Microsoft Visual Studio 12.0\VC\bin\link.exe /ERRORREPORT:PROMPT /OUT:"C:\Users\Doug\Documents\Visual Studio 2013\Projects\SFML-Game-Engine-CPP\Release\GameEngineC++.exe" /NOLOGO /LIBPATH:"C:\Users\Doug\Documents\Visual Studio 2013\Projects\SFML-Game-Engine-CPP\GameEngineC++\\SFML\lib" "sfml-audio.lib" "sfml-graphics.lib" "sfml-system.lib" "sfml-window.lib" "sfml-network.lib" kernel32.lib user32.lib gdi32.lib winspool.lib comdlg32.lib advapi32.lib shell32.lib ole32.lib oleaut32.lib uuid.lib odbc32.lib odbccp32.lib /MANIFEST /MANIFESTUAC:"level='asInvoker' uiAccess='false'" /manifest:embed /DEBUG /PDB:"C:\Users\Doug\Documents\Visual Studio 2013\Projects\SFML-Game-Engine-CPP\Release\GameEngineC++.pdb" /SUBSYSTEM:WINDOWS,"5.01" /OPT:REF /OPT:ICF /LTCG /TLBID:1 /DYNAMICBASE /NXCOMPAT /IMPLIB:"C:\Users\Doug\Documents\Visual Studio 2013\Projects\SFML-Game-Engine-CPP\Release\GameEngineC++.lib" /MACHINE:X86 /SAFESEH Release\animation.obj
         Release\assetloader.obj
         Release\audio.obj
         Release\convert.obj
         Release\gametimer.obj
         Release\loadini.obj
         Release\network.obj
         Release\ramdom.obj
         Release\textedit.obj
         Release\ticker.obj
         Release\window.obj
         Release\main.obj
         Release\quad.obj
         Generating code
         Finished generating code
         GameEngineC++.vcxproj -> C:\Users\Doug\Documents\Visual Studio 2013\Projects\SFML-Game-Engine-CPP\Release\GameEngineC++.exe
     1>Done Building Project "C:\Users\Doug\Documents\Visual Studio 2013\Projects\SFML-Game-Engine-CPP\GameEngineC++\GameEngineC++.vcxproj" (Build target(s)).

Build succeeded.

Time Elapsed 00:00:02.12
