c:\users\doug\documents\visual studio 2013\projects\sfml-game-engine-cpp\gameenginec++\release\vc120.pdb
c:\users\doug\documents\visual studio 2013\projects\sfml-game-engine-cpp\gameenginec++\release\quad.obj
c:\users\doug\documents\visual studio 2013\projects\sfml-game-engine-cpp\gameenginec++\release\main.obj
c:\users\doug\documents\visual studio 2013\projects\sfml-game-engine-cpp\gameenginec++\release\ticker.obj
c:\users\doug\documents\visual studio 2013\projects\sfml-game-engine-cpp\gameenginec++\release\textedit.obj
c:\users\doug\documents\visual studio 2013\projects\sfml-game-engine-cpp\gameenginec++\release\ramdom.obj
c:\users\doug\documents\visual studio 2013\projects\sfml-game-engine-cpp\gameenginec++\release\network.obj
c:\users\doug\documents\visual studio 2013\projects\sfml-game-engine-cpp\gameenginec++\release\loadini.obj
c:\users\doug\documents\visual studio 2013\projects\sfml-game-engine-cpp\gameenginec++\release\gametimer.obj
c:\users\doug\documents\visual studio 2013\projects\sfml-game-engine-cpp\gameenginec++\release\convert.obj
c:\users\doug\documents\visual studio 2013\projects\sfml-game-engine-cpp\gameenginec++\release\audio.obj
c:\users\doug\documents\visual studio 2013\projects\sfml-game-engine-cpp\gameenginec++\release\assetloader.obj
c:\users\doug\documents\visual studio 2013\projects\sfml-game-engine-cpp\gameenginec++\release\animation.obj
c:\users\doug\documents\visual studio 2013\projects\sfml-game-engine-cpp\gameenginec++\release\window.obj
c:\users\doug\documents\visual studio 2013\projects\sfml-game-engine-cpp\release\gameenginec++.exe
c:\users\doug\documents\visual studio 2013\projects\sfml-game-engine-cpp\release\gameenginec++.pdb
c:\users\doug\documents\visual studio 2013\projects\sfml-game-engine-cpp\gameenginec++\release\gameenginec++.tlog\cl.command.1.tlog
c:\users\doug\documents\visual studio 2013\projects\sfml-game-engine-cpp\gameenginec++\release\gameenginec++.tlog\cl.read.1.tlog
c:\users\doug\documents\visual studio 2013\projects\sfml-game-engine-cpp\gameenginec++\release\gameenginec++.tlog\cl.write.1.tlog
c:\users\doug\documents\visual studio 2013\projects\sfml-game-engine-cpp\gameenginec++\release\gameenginec++.tlog\link.command.1.tlog
c:\users\doug\documents\visual studio 2013\projects\sfml-game-engine-cpp\gameenginec++\release\gameenginec++.tlog\link.read.1.tlog
c:\users\doug\documents\visual studio 2013\projects\sfml-game-engine-cpp\gameenginec++\release\gameenginec++.tlog\link.write.1.tlog
